<?xml version="1.0" encoding="UTF-8" standalone="no"?>
<!DOCTYPE log SYSTEM "logger.dtd">
<log>
<record>
  <date>2024-12-10T03:08:57.344968600Z</date>
  <millis>1733800137344</millis>
  <nanos>968600</nanos>
  <sequence>0</sequence>
  <logger>systemconfig.SystemConfig</logger>
  <level>INFO</level>
  <class>systemconfig.SystemConfig</class>
  <method>saveConfiguration</method>
  <thread>1</thread>
  <message>Configuration saved: Total Tickets: 20, Max Capacity: 5, Ticket Release Rate: 2,000, Customer Retrieval Rate: 2,500</message>
</record>
</log>
<?xml version="1.0" encoding="UTF-8" standalone="no"?>
<!DOCTYPE log SYSTEM "logger.dtd">
<log>
<record>
  <date>2024-12-10T04:46:49.233100900Z</date>
  <millis>1733806009233</millis>
  <nanos>100900</nanos>
  <sequence>0</sequence>
  <logger>systemconfig.SystemConfig</logger>
  <level>INFO</level>
  <class>systemconfig.SystemConfig</class>
  <method>saveConfiguration</method>
  <thread>1</thread>
  <message>Configuration saved: Total Tickets: 20, Max Capacity: 5, Ticket Release Rate: 1,000, Customer Retrieval Rate: 1,000</message>
</record>
</log>
